---------
item_id: MLA912273972
title:  Apc Back-ups Br550g-ar 550va Entrada Y Salida De 230v Negro
category_id: MLA1720
category_name: UPS
---------
item_id: MLA919274004
title:  Apc Back-ups Br900g-ar 900va Entrada Y Salida De 230v Negro
category_id: MLA1720
category_name: UPS
---------
item_id: MLA920272271
title:  Apc Easy Ups Bv500i-ar 500va Entrada Y Salida De 230v Negro
category_id: MLA1720
category_name: UPS
---------
item_id: MLA912269641
title:  Apc Back-ups Bx800ci-ar 800va Entrada Y Salida De 230v Negro
category_id: MLA1720
category_name: UPS
---------
item_id: MLA912270438
title:  Apc Back-ups Bx1100ci-ar 1100va Entrada Y Salida De 230v Negro
category_id: MLA1720
category_name: UPS
---------
item_id: MLA884736096
title: Router Cisco Rv Series Rv340  Negro 100v/240v
category_id: MLA430901
category_name: Routers
---------
item_id: MLA917517155
title: Switch Cisco Sg110d-08 Serie 110
category_id: MLA1708
category_name: Switches
---------
item_id: MLA917517444
title: Switch Cisco Sg250-50p Serie 250
category_id: MLA1708
category_name: Switches
---------
item_id: MLA876794922
title: Impresora Multifunción Lexmark Mb2546adwe Con Wifi Gris Y Blanca 220v
category_id: MLA1676
category_name: Impresoras
---------
item_id: MLA912269713
title:  Apc Back-ups Pro 1200 Br1200g-ar 1200va Entrada Y Salida De 230v Negro
category_id: MLA1720
category_name: UPS
---------
item_id: MLA919281388
title:  Apc Back-ups Pro 1500 Br1500g-ar 1500va Entrada Y Salida De 230v Negro
category_id: MLA1720
category_name: UPS
---------
item_id: MLA870592467
title: Router Linksys E2500  Negro
category_id: MLA430901
category_name: Routers
---------
item_id: MLA917518416
title: Switch Cisco Sg220-26p Small Business Serie 220
category_id: MLA1708
category_name: Switches
---------
item_id: MLA884735636
title: Router Cisco Rv Series Rv345  Negro 100v/240v
category_id: MLA430901
category_name: Routers
---------
item_id: MLA919877335
title: Notebook Dell Inspiron 5593 Platinum Silver 15.6 , Intel Core I5 1035g1 8gb De Ram 256gb Ssd, Intel Uhd Graphics 1920x1080px Windows 10 Home
category_id: MLA1652
category_name: Notebooks
---------
item_id: MLA874472550
title: Router Linksys Ea-series Ea6100  Negro 100v/240v
category_id: MLA430901
category_name: Routers
---------
item_id: MLA919421624
title: Access Point, Router Linksys Max-stream Ea7300  Negro 100v/240v
category_id: MLA430901
category_name: Routers
---------
item_id: MLA917515758
title:  Apc Easy Ups Srv6ki 6000va Entrada Y Salida De 230v Negro
category_id: MLA1720
category_name: UPS
---------
item_id: MLA912272809
title:  Apc Smart-ups Rc Src3000xli 3000va Entrada Y Salida De 230v Negro
category_id: MLA1720
category_name: UPS
---------
item_id: MLA898898561
title: Repetidor, Router, Sistema Wi-fi Mesh Linksys Velop Wifi Intelligent Mesh  Blanco 100v/240v
category_id: MLA430901
category_name: Routers
---------
item_id: MLA919641278
title: Notebook Dell Inspiron 3501 Negra 15.6 , Intel Core I3 1005g1 4gb De Ram 1tb Hdd, Intel Uhd Graphics 60 Hz 1366x768px Linux Ubuntu
category_id: MLA1652
category_name: Notebooks
---------
item_id: MLA919857655
title: Notebook Dell Latitude 3510 Gris 15.6 , Intel Core I7 10510u 16gb De Ram 256gb Ssd, Intel Uhd Graphics 1366x768px Windows 10 Pro
category_id: MLA1652
category_name: Notebooks
---------
item_id: MLA919620475
title: Notebook Dell Vostro 3490 Negra 14 , Intel Core I5 10210u 8gb De Ram 1tb Hdd, Intel Uhd Graphics 60 Hz 1366x768px Windows 10 Pro
category_id: MLA1652
category_name: Notebooks
---------
item_id: MLA919614887
title: Notebook Dell Vostro 3490 Negra 14 , Intel Core I5 10210u 8gb De Ram 1tb Hdd 240gb Ssd, Intel Uhd Graphics 60 Hz 1366x768px Windows 10 Pro
category_id: MLA1652
category_name: Notebooks
---------
item_id: MLA914634860
title: Access Point Interior Cisco 100 Series Wap150  Blanco
category_id: MLA430901
category_name: Routers
---------
item_id: MLA912273096
title:  Apc Easy Ups Srv3000 Srv3ki-ar 3000va Entrada Y Salida De 220v/240v Negro
category_id: MLA1720
category_name: UPS
---------
item_id: MLA918514201
title: Repetidor, Router, Sistema Wi-fi Mesh Linksys Velop Wifi Intelligent Mesh  Blanco 100v/240v 3 Unidades
category_id: MLA430901
category_name: Routers
---------
item_id: MLA919345379
title: Router Linksys Lrt214  Negro/azul
category_id: MLA430901
category_name: Routers
---------
item_id: MLA884735834
title: Repetidor Linksys Re6500  Negro
category_id: MLA430901
category_name: Routers
---------
item_id: MLA917206050
title: Switch Cisco Sg350-52 Sg Serie 350
category_id: MLA1708
category_name: Switches
---------
item_id: MLA604049998
title: Ups Apc Easy Bv650i-ar 650va Gtia Oficial 2 Años Bv650
category_id: MLA1720
category_name: UPS
---------
item_id: MLA917516307
title:  Apc Smart-ups Srt Srt5kxli 5000va Entrada Y Salida De 230v Negro
category_id: MLA1720
category_name: UPS
---------
item_id: MLA919464280
title: Router 16 Puertos Cisco Rv345-k9 Dual Wan Giga Vpn 16p Rv345
category_id: MLA430901
category_name: Routers
---------
item_id: MLA919608350
title: Notebook Dell Vostro 3490 Negra 14 , Intel Core I5 10210u 32gb De Ram 1tb Hdd 240gb Ssd, Intel Uhd Graphics 60 Hz 1366x768px Windows 10 Pro
category_id: MLA1652
category_name: Notebooks
---------
item_id: MLA919620195
title: Notebook Dell Vostro 3490 Negra 14 , Intel Core I5 10210u 16gb De Ram 1tb Hdd, Intel Hd Graphics 60 Hz 1366x768px Windows 10 Pro
category_id: MLA1652
category_name: Notebooks
---------
item_id: MLA919620915
title: Notebook Dell Vostro 3490 Negra 14 , Intel Core I5 10210u 4gb De Ram 1tb Hdd, Intel Hd Graphics 60 Hz 1366x768px Windows 10 Pro
category_id: MLA1652
category_name: Notebooks
---------
item_id: MLA919297554
title: Notebook Dell Vostro 3401 I3 16gb 1tb + 240ssd Win 10 Home
category_id: MLA1652
category_name: Notebooks
---------
item_id: MLA723753317
title: Ups Apc Br900g-ar 900va 6 Tomas Estabilizador Gtia 2 Años
category_id: MLA1720
category_name: UPS
---------
item_id: MLA701423768
title: Switch Cisco 8 Puertos Port 10/100/1000 Giga Sg100 Oferta Para Hogar Y Empresa - Garantia Oficial - Factura A Y B
category_id: MLA1708
category_name: Switches
---------
item_id: MLA608914689
title: Ups Apc Br1200g Ar 1200va Estabilizador Br1200 Gtia 2 Años
category_id: MLA1720
category_name: UPS
---------
item_id: MLA917206103
title: Switch Cisco Sg350-28p Serie 350
category_id: MLA1708
category_name: Switches
---------
item_id: MLA919259083
title: Ups Apc Easy Bv650i-ar 650va Gtia Oficial 2 Años Oferta
category_id: MLA1720
category_name: UPS
---------
item_id: MLA919422304
title: Access Point, Router Linksys Mr8300  Negro 100v/240v
category_id: MLA430901
category_name: Routers
---------
item_id: MLA919876119
title: Notebook Dell Inspiron I5 256ssd + 240ssd 8gb W10 Gforce
category_id: MLA1652
category_name: Notebooks
---------
item_id: MLA723894205
title: Router Cisco Dual Wan Vpn Firewall Rv340-k9 Oferta Gtia Oficial - Factura A Y B
category_id: MLA430901
category_name: Routers
---------
item_id: MLA901164154
title: Notebook Lenovo Thinkbook I5 10ma 8gb Ssd 256gb 15.6 Oferta
category_id: MLA1652
category_name: Notebooks
---------
item_id: MLA609550688
title: Ups Apc Easy 500va Estabilizador Y Protector De Tension Con Ahorro De Energia Gtia Oficial 2 Años
category_id: MLA1720
category_name: UPS
---------
item_id: MLA620000215
title: Router Wifi Linksys Dual Band 2 Antenas Usb 3.0 Conectar Equipos De Hogar Y Empresas Gtia Oficial  Factura A Y B
category_id: MLA430901
category_name: Routers
---------
item_id: MLA609714711
title: Ups Apc Back-ups Pro 550va 230 Estabilizador Y Protector De Tensión Con Ahorro De Energia Gtia Oficial Br550
category_id: MLA1720
category_name: UPS
---------
item_id: MLA912274211
title:  Apc Smart-ups Smt3000r2i-ar 3000va Entrada Y Salida De 220v/240v Negro
category_id: MLA1720
category_name: UPS
